<?xml version="1.0" encoding="UTF-8"?>
<!-- Generated by org.testng.reporters.JUnitXMLReporter -->
<testsuite ignored="1" hostname="DESKTOP-VUHI299" failures="0" tests="6" name="Create Booking Test - Apply Discount -- pay@Hotel" time="0.032" errors="0" timestamp="2022-08-01T14:04:00 EDT">
  <testcase classname="bookingdemo.BookingSearch" name="search_hotel" time="0.003"/>
  <testcase classname="bookingdemo.BookingSearch" name="select_hotel" time="0.0"/>
  <testcase classname="bookingdemo.BookingSearch" name="enterGuestInfo" time="0.0"/>
  <testcase classname="bookingdemo.PaymentManager" name="apply_discount" time="0.0"/>
  <testcase classname="bookingdemo.PaymentManager" name="make_payment" time="0.0"/>
  <testcase classname="bookingdemo.CustomerCommunications" name="check_email" time="0.0"/>
  <testcase classname="bookingdemo.BookingSearch" name="loadBooking" time="0.0">
    <ignored/>
  </testcase> <!-- loadBooking -->
</testsuite> <!-- Create Booking Test - Apply Discount - pay@Hotel -->
