<?xml version="1.0" encoding="UTF-8"?>
<!-- Generated by org.testng.reporters.JUnitXMLReporter -->
<testsuite ignored="0" hostname="DESKTOP-VUHI299" failures="0" tests="6" name="Create Booking Test - Apply Discount - with instant payment" time="0.009" errors="0" timestamp="2022-07-28T14:17:19 EDT">
  <testcase classname="bookingdemo.BookingSearch" name="search_hotel" time="0.001"/>
  <testcase classname="bookingdemo.BookingSearch" name="select_hotel" time="0.001"/>
  <testcase classname="bookingdemo.BookingSearch" name="enterGuestInfo" time="0.0"/>
  <testcase classname="bookingdemo.PaymentManager" name="apply_discount" time="0.0"/>
  <testcase classname="bookingdemo.PaymentManager" name="make_payment" time="0.0"/>
  <testcase classname="bookingdemo.CustomerCommunications" name="check_email" time="0.001"/>
</testsuite> <!-- Create Booking Test - Apply Discount - with instant payment -->
