<?xml version="1.0" encoding="UTF-8"?>
<!-- Generated by org.testng.reporters.JUnitXMLReporter -->
<testsuite ignored="4" hostname="DESKTOP-VUHI299" failures="0" tests="3" name="Adding Fresh Test" time="16.397" errors="0" timestamp="2022-08-03T10:23:17 EDT">
  <testcase classname="testcases.rediff.Session" name="doLogin" time="4.632"/>
  <testcase classname="testcases.rediff.StockManagement" name="selectPortfolio" time="5.797"/>
  <testcase classname="testcases.rediff.StockManagement" name="addFreshStock" time="4.979"/>
  <testcase classname="testbase.BaseTest" name="@AfterTest quit" time="0.0">
    <ignored/>
  </testcase> <!-- @AfterTest quit -->
  <testcase classname="testcases.rediff.Session" name="doLogout" time="0.0">
    <ignored/>
  </testcase> <!-- doLogout -->
  <testcase classname="testbase.BaseTest" name="@BeforeTest beforeTest" time="0.0">
    <ignored/>
  </testcase> <!-- @BeforeTest beforeTest -->
  <testcase classname="testcases.rediff.StockManagement" name="modifyStock" time="0.0">
    <ignored/>
  </testcase> <!-- modifyStock -->
</testsuite> <!-- Adding Fresh Test -->
