<?xml version="1.0" encoding="UTF-8"?>
<!-- Generated by org.testng.reporters.JUnitXMLReporter -->
<testsuite ignored="4" hostname="DESKTOP-VUHI299" failures="0" tests="2" name="Delete Portfolio" time="0.015" errors="0" timestamp="2022-08-02T10:03:23 EDT">
  <testcase classname="testcases.rediff.Session" name="doLogout" time="0.0"/>
  <testcase classname="testcases.rediff.PortfolioManagement" name="deletePortfolio" time="0.001"/>
  <testcase classname="testcases.rediff.Session" name="doLogin" time="0.0">
    <ignored/>
  </testcase> <!-- doLogin -->
  <testcase classname="testbase.BaseTest" name="@AfterTest quit" time="0.0">
    <ignored/>
  </testcase> <!-- @AfterTest quit -->
  <testcase classname="testbase.BaseTest" name="@BeforeTest beforeTest" time="0.0">
    <ignored/>
  </testcase> <!-- @BeforeTest beforeTest -->
  <testcase classname="testcases.rediff.PortfolioManagement" name="createPortfolio" time="0.0">
    <ignored/>
  </testcase> <!-- createPortfolio -->
</testsuite> <!-- Delete Portfolio -->
